[    0.000000] Linux version 4.15.0-99-generic (buildd@lcy01-amd64-013) (gcc version 7.5.0 (Ubuntu 7.5.0-3ubuntu1~18.04)) #100-Ubuntu SMP Wed Apr 22 20:32:56 UTC 2020 (Ubuntu 4.15.0-99.100-generic 4.15.18)
[    0.000000] Command line: BOOT_IMAGE=/boot/vmlinuz-4.15.0-99-generic root=LABEL=cloudimg-rootfs ro console=tty1 console=ttyS0
[    0.000000] KERNEL supported cpus:
[    0.000000]   Intel GenuineIntel
[    0.000000]   AMD AuthenticAMD
[    0.000000]   Centaur CentaurHauls
[    0.000000] x86/fpu: Supporting XSAVE feature 0x001: 'x87 floating point registers'
[    0.000000] x86/fpu: Supporting XSAVE feature 0x002: 'SSE registers'
[    0.000000] x86/fpu: Supporting XSAVE feature 0x004: 'AVX registers'
[    0.000000] x86/fpu: xstate_offset[2]:  576, xstate_sizes[2]:  256
[    0.000000] x86/fpu: Enabled xstate features 0x7, context size is 832 bytes, using 'standard' format.
[    0.000000] e820: BIOS-provided physical RAM map:
[    0.000000] BIOS-e820: [mem 0x0000000000000000-0x000000000009fbff] usable
[    0.000000] BIOS-e820: [mem 0x000000000009fc00-0x000000000009ffff] reserved
[    0.000000] BIOS-e820: [mem 0x00000000000f0000-0x00000000000fffff] reserved
[    0.000000] BIOS-e820: [mem 0x0000000000100000-0x00000000dffeffff] usable
[    0.000000] BIOS-e820: [mem 0x00000000dfff0000-0x00000000dfffffff] ACPI data
[    0.000000] BIOS-e820: [mem 0x00000000fec00000-0x00000000fec00fff] reserved
[    0.000000] BIOS-e820: [mem 0x00000000fee00000-0x00000000fee00fff] reserved
[    0.000000] BIOS-e820: [mem 0x00000000fffc0000-0x00000000ffffffff] reserved
[    0.000000] BIOS-e820: [mem 0x0000000100000000-0x000000011fffffff] usable
[    0.000000] NX (Execute Disable) protection: active
[    0.000000] SMBIOS 2.5 present.
[    0.000000] DMI: innotek GmbH VirtualBox/VirtualBox, BIOS VirtualBox 12/01/2006
[    0.000000] Hypervisor detected: KVM
[    0.000000] e820: last_pfn = 0x120000 max_arch_pfn = 0x400000000
[    0.000000] MTRR: Disabled
[    0.000000] x86/PAT: MTRRs disabled, skipping PAT initialization too.
[    0.000000] CPU MTRRs all blank - virtualized system.
[    0.000000] x86/PAT: Configuration [0-7]: WB  WT  UC- UC  WB  WT  UC- UC  
[    0.000000] e820: last_pfn = 0xdfff0 max_arch_pfn = 0x400000000
[    0.000000] found SMP MP-table at [mem 0x0009fff0-0x0009ffff]
[    0.000000] Scanning 1 areas for low memory corruption
[    0.000000] RAMDISK: [mem 0x35a6f000-0x36d2efff]
[    0.000000] ACPI: Early table checksum verification disabled
[    0.000000] ACPI: RSDP 0x00000000000E0000 000024 (v02 VBOX  )
[    0.000000] ACPI: XSDT 0x00000000DFFF0030 00003C (v01 VBOX   VBOXXSDT 00000001 ASL  00000061)
[    0.000000] ACPI: FACP 0x00000000DFFF00F0 0000F4 (v04 VBOX   VBOXFACP 00000001 ASL  00000061)
[    0.000000] ACPI: DSDT 0x00000000DFFF0480 002325 (v02 VBOX   VBOXBIOS 00000002 INTL 20100528)
[    0.000000] ACPI: FACS 0x00000000DFFF0200 000040
[    0.000000] ACPI: FACS 0x00000000DFFF0200 000040
[    0.000000] ACPI: APIC 0x00000000DFFF0240 00006C (v02 VBOX   VBOXAPIC 00000001 ASL  00000061)
[    0.000000] ACPI: SSDT 0x00000000DFFF02B0 0001CC (v01 VBOX   VBOXCPUT 00000002 INTL 20100528)
[    0.000000] No NUMA configuration found
[    0.000000] Faking a node at [mem 0x0000000000000000-0x000000011fffffff]
[    0.000000] NODE_DATA(0) allocated [mem 0x11ffd1000-0x11fffbfff]
[    0.000000] kvm-clock: cpu 0, msr 1:1ff50001, primary cpu clock
[    0.000000] kvm-clock: Using msrs 4b564d01 and 4b564d00
[    0.000000] kvm-clock: using sched offset of 3769868873 cycles
[    0.000000] clocksource: kvm-clock: mask: 0xffffffffffffffff max_cycles: 0x1cd42e4dffb, max_idle_ns: 881590591483 ns
[    0.000000] Zone ranges:
[    0.000000]   DMA      [mem 0x0000000000001000-0x0000000000ffffff]
[    0.000000]   DMA32    [mem 0x0000000001000000-0x00000000ffffffff]
[    0.000000]   Normal   [mem 0x0000000100000000-0x000000011fffffff]
[    0.000000]   Device   empty
[    0.000000] Movable zone start for each node
[    0.000000] Early memory node ranges
[    0.000000]   node   0: [mem 0x0000000000001000-0x000000000009efff]
[    0.000000]   node   0: [mem 0x0000000000100000-0x00000000dffeffff]
[    0.000000]   node   0: [mem 0x0000000100000000-0x000000011fffffff]
[    0.000000] Reserved but unavailable: 98 pages
[    0.000000] Initmem setup node 0 [mem 0x0000000000001000-0x000000011fffffff]
[    0.000000] ACPI: PM-Timer IO Port: 0x4008
[    0.000000] IOAPIC[0]: apic_id 4, version 32, address 0xfec00000, GSI 0-23
[    0.000000] ACPI: INT_SRC_OVR (bus 0 bus_irq 0 global_irq 2 dfl dfl)
[    0.000000] ACPI: INT_SRC_OVR (bus 0 bus_irq 9 global_irq 9 low level)
[    0.000000] Using ACPI (MADT) for SMP configuration information
[    0.000000] smpboot: Allowing 4 CPUs, 0 hotplug CPUs
[    0.000000] PM: Registered nosave memory: [mem 0x00000000-0x00000fff]
[    0.000000] PM: Registered nosave memory: [mem 0x0009f000-0x0009ffff]
[    0.000000] PM: Registered nosave memory: [mem 0x000a0000-0x000effff]
[    0.000000] PM: Registered nosave memory: [mem 0x000f0000-0x000fffff]
[    0.000000] PM: Registered nosave memory: [mem 0xdfff0000-0xdfffffff]
[    0.000000] PM: Registered nosave memory: [mem 0xe0000000-0xfebfffff]
[    0.000000] PM: Registered nosave memory: [mem 0xfec00000-0xfec00fff]
[    0.000000] PM: Registered nosave memory: [mem 0xfec01000-0xfedfffff]
[    0.000000] PM: Registered nosave memory: [mem 0xfee00000-0xfee00fff]
[    0.000000] PM: Registered nosave memory: [mem 0xfee01000-0xfffbffff]
[    0.000000] PM: Registered nosave memory: [mem 0xfffc0000-0xffffffff]
[    0.000000] e820: [mem 0xe0000000-0xfebfffff] available for PCI devices
[    0.000000] Booting paravirtualized kernel on KVM
[    0.000000] clocksource: refined-jiffies: mask: 0xffffffff max_cycles: 0xffffffff, max_idle_ns: 7645519600211568 ns
[    0.000000] random: get_random_bytes called from start_kernel+0x99/0x4fd with crng_init=0
[    0.000000] setup_percpu: NR_CPUS:8192 nr_cpumask_bits:4 nr_cpu_ids:4 nr_node_ids:1
[    0.000000] percpu: Embedded 45 pages/cpu s147456 r8192 d28672 u524288
[    0.000000] PV qspinlock hash table entries: 256 (order: 0, 4096 bytes)
[    0.000000] Built 1 zonelists, mobility grouping on.  Total pages: 1032057
[    0.000000] Policy zone: Normal
[    0.000000] Kernel command line: BOOT_IMAGE=/boot/vmlinuz-4.15.0-99-generic root=LABEL=cloudimg-rootfs ro console=tty1 console=ttyS0
[    0.000000] Memory: 4013316K/4193848K available (12300K kernel code, 2481K rwdata, 4268K rodata, 2432K init, 2712K bss, 180532K reserved, 0K cma-reserved)
[    0.000000] SLUB: HWalign=64, Order=0-3, MinObjects=0, CPUs=4, Nodes=1
[    0.000000] Kernel/User page tables isolation: enabled
[    0.000000] ftrace: allocating 39364 entries in 154 pages
[    0.004000] Hierarchical RCU implementation.
[    0.004000] 	RCU restricting CPUs from NR_CPUS=8192 to nr_cpu_ids=4.
[    0.004000] 	Tasks RCU enabled.
[    0.004000] RCU: Adjusting geometry for rcu_fanout_leaf=16, nr_cpu_ids=4
[    0.004000] NR_IRQS: 524544, nr_irqs: 456, preallocated irqs: 16
[    0.004000] Console: colour VGA+ 80x25
[    0.004000] console [tty1] enabled
[    0.004000] console [ttyS0] enabled
[    0.004000] ACPI: Core revision 20170831
[    0.004000] ACPI: 2 ACPI AML tables successfully acquired and loaded
[    0.004000] APIC: Switch to symmetric I/O mode setup
[    0.004000] x2apic enabled
[    0.004000] Switched APIC routing to physical x2apic.
[    0.004000] ..TIMER: vector=0x30 apic1=0 pin1=2 apic2=-1 pin2=-1
[    0.004004] tsc: Detected 3096.000 MHz processor
[    0.005177] Calibrating delay loop (skipped) preset value.. 6192.00 BogoMIPS (lpj=12384000)
[    0.005573] pid_max: default: 32768 minimum: 301
[    0.008032] Security Framework initialized
[    0.008765] Yama: becoming mindful.
[    0.009414] AppArmor: AppArmor initialized
[    0.012208] Dentry cache hash table entries: 524288 (order: 10, 4194304 bytes)
[    0.017948] Inode-cache hash table entries: 262144 (order: 9, 2097152 bytes)
[    0.020026] Mount-cache hash table entries: 8192 (order: 4, 65536 bytes)
[    0.021476] Mountpoint-cache hash table entries: 8192 (order: 4, 65536 bytes)
[    0.024276] Last level iTLB entries: 4KB 64, 2MB 8, 4MB 8
[    0.025512] Last level dTLB entries: 4KB 64, 2MB 0, 4MB 0, 1GB 4
[    0.026619] Spectre V1 : Mitigation: usercopy/swapgs barriers and __user pointer sanitization
[    0.028003] Spectre V2 : Mitigation: Full generic retpoline
[    0.029085] Spectre V2 : Spectre v2 / SpectreRSB mitigation: Filling RSB on context switch
[    0.030869] Speculative Store Bypass: Vulnerable
[    0.032043] MDS: Mitigation: Clear CPU buffers
[    0.033045] Freeing SMP alternatives memory: 36K
[    0.144000] smpboot: CPU0: Intel(R) Core(TM) i7-7920HQ CPU @ 3.10GHz (family: 0x6, model: 0x9e, stepping: 0x9)
[    0.144000] Performance Events: unsupported p6 CPU model 158 no PMU driver, software events only.
[    0.144052] Hierarchical SRCU implementation.
[    0.145925] NMI watchdog: Perf event create on CPU 0 failed with -2
[    0.147425] NMI watchdog: Perf NMI watchdog permanently disabled
[    0.148057] smp: Bringing up secondary CPUs ...
[    0.150871] x86: Booting SMP configuration:
[    0.152003] .... node  #0, CPUs:      #1
[    0.004000] kvm-clock: cpu 1, msr 1:1ff50041, secondary cpu clock
[    0.156075]  #2
[    0.004000] kvm-clock: cpu 2, msr 1:1ff50081, secondary cpu clock
[    0.160148]  #3
[    0.004000] kvm-clock: cpu 3, msr 1:1ff500c1, secondary cpu clock
[    0.166083] smp: Brought up 1 node, 4 CPUs
[    0.166083] smpboot: Max logical packages: 1
[    0.168009] smpboot: Total of 4 processors activated (24768.00 BogoMIPS)
[    0.169596] devtmpfs: initialized
[    0.169596] x86/mm: Memory block size: 128MB
[    0.172273] evm: security.selinux
[    0.172956] evm: security.SMACK64
[    0.173597] evm: security.SMACK64EXEC
[    0.174306] evm: security.SMACK64TRANSMUTE
[    0.175207] evm: security.SMACK64MMAP
[    0.176011] evm: security.apparmor
[    0.178337] evm: security.ima
[    0.180007] evm: security.capability
[    0.181304] clocksource: jiffies: mask: 0xffffffff max_cycles: 0xffffffff, max_idle_ns: 7645041785100000 ns
[    0.184014] futex hash table entries: 1024 (order: 4, 65536 bytes)
[    0.186280] pinctrl core: initialized pinctrl subsystem
[    0.188258] RTC time: 23:23:31, date: 05/07/20
[    0.189885] NET: Registered protocol family 16
[    0.190881] audit: initializing netlink subsys (disabled)
[    0.192045] audit: type=2000 audit(1588893816.319:1): state=initialized audit_enabled=0 res=1
[    0.192156] cpuidle: using governor ladder
[    0.196011] cpuidle: using governor menu
[    0.196924] ACPI: bus type PCI registered
[    0.197826] acpiphp: ACPI Hot Plug PCI Controller Driver version: 0.5
[    0.199526] PCI: Using configuration type 1 for base access
[    0.200986] HugeTLB registered 2.00 MiB page size, pre-allocated 0 pages
[    0.205864] ACPI: Added _OSI(Module Device)
[    0.208005] ACPI: Added _OSI(Processor Device)
[    0.209346] ACPI: Added _OSI(3.0 _SCP Extensions)
[    0.210268] ACPI: Added _OSI(Processor Aggregator Device)
[    0.211790] ACPI: Added _OSI(Linux-Dell-Video)
[    0.212006] ACPI: Added _OSI(Linux-Lenovo-NV-HDMI-Audio)
[    0.213625] ACPI: Added _OSI(Linux-HPI-Hybrid-Graphics)
[    0.216142] ACPI: Executed 1 blocks of module-level executable AML code
[    0.220406] ACPI: Interpreter enabled
[    0.222245] ACPI: (supports S0 S5)
[    0.224007] ACPI: Using IOAPIC for interrupt routing
[    0.226053] PCI: Using host bridge windows from ACPI; if necessary, use "pci=nocrs" and report a bug
[    0.228332] ACPI: Enabled 2 GPEs in block 00 to 07
[    0.237440] ACPI: PCI Root Bridge [PCI0] (domain 0000 [bus 00-ff])
[    0.239113] acpi PNP0A03:00: _OSC: OS supports [ASPM ClockPM Segments MSI]
[    0.240418] acpi PNP0A03:00: _OSC: not requesting OS control; OS requires [ExtendedConfig ASPM ClockPM MSI]
[    0.243060] acpi PNP0A03:00: fail to add MMCONFIG information, can't access extended PCI configuration space under this bridge.
[    0.248054] PCI host bridge to bus 0000:00
[    0.249704] pci_bus 0000:00: root bus resource [io  0x0000-0x0cf7 window]
[    0.251019] pci_bus 0000:00: root bus resource [io  0x0d00-0xffff window]
[    0.252005] pci_bus 0000:00: root bus resource [mem 0x000a0000-0x000bffff window]
[    0.253546] pci_bus 0000:00: root bus resource [mem 0xe0000000-0xfdffffff window]
[    0.255672] pci_bus 0000:00: root bus resource [bus 00-ff]
[    0.261627] pci 0000:00:01.1: legacy IDE quirk: reg 0x10: [io  0x01f0-0x01f7]
[    0.264000] pci 0000:00:01.1: legacy IDE quirk: reg 0x14: [io  0x03f6]
[    0.264009] pci 0000:00:01.1: legacy IDE quirk: reg 0x18: [io  0x0170-0x0177]
[    0.265429] pci 0000:00:01.1: legacy IDE quirk: reg 0x1c: [io  0x0376]
[    0.319326] pci 0000:00:07.0: quirk: [io  0x4000-0x403f] claimed by PIIX4 ACPI
[    0.320043] pci 0000:00:07.0: quirk: [io  0x4100-0x410f] claimed by PIIX4 SMB
[    0.352442] ACPI: PCI Interrupt Link [LNKA] (IRQs 5 9 10 *11)
[    0.354427] ACPI: PCI Interrupt Link [LNKB] (IRQs 5 9 *10 11)
[    0.356304] ACPI: PCI Interrupt Link [LNKC] (IRQs 5 *9 10 11)
[    0.358130] ACPI: PCI Interrupt Link [LNKD] (IRQs 5 9 10 *11)
[    0.360102] SCSI subsystem initialized
[    0.361667] pci 0000:00:02.0: vgaarb: setting as boot VGA device
[    0.361750] pci 0000:00:02.0: vgaarb: VGA device added: decodes=io+mem,owns=io+mem,locks=none
[    0.364008] pci 0000:00:02.0: vgaarb: bridge control possible
[    0.365490] vgaarb: loaded
[    0.366076] ACPI: bus type USB registered
[    0.368034] usbcore: registered new interface driver usbfs
[    0.369562] usbcore: registered new interface driver hub
[    0.370830] usbcore: registered new device driver usb
[    0.372081] EDAC MC: Ver: 3.0.0
[    0.373323] PCI: Using ACPI for IRQ routing
[    0.373652] NetLabel: Initializing
[    0.376004] NetLabel:  domain hash size = 128
[    0.377291] NetLabel:  protocols = UNLABELED CIPSOv4 CALIPSO
[    0.378438] NetLabel:  unlabeled traffic allowed by default
[    0.380138] clocksource: Switched to clocksource kvm-clock
[    0.397703] VFS: Disk quotas dquot_6.6.0
[    0.398944] VFS: Dquot-cache hash table entries: 512 (order 0, 4096 bytes)
[    0.400825] AppArmor: AppArmor Filesystem Enabled
[    0.402243] pnp: PnP ACPI init
[    0.404710] pnp: PnP ACPI: found 3 devices
[    0.415483] clocksource: acpi_pm: mask: 0xffffff max_cycles: 0xffffff, max_idle_ns: 2085701024 ns
[    0.418139] NET: Registered protocol family 2
[    0.419182] TCP established hash table entries: 32768 (order: 6, 262144 bytes)
[    0.420597] TCP bind hash table entries: 32768 (order: 7, 524288 bytes)
[    0.423887] TCP: Hash tables configured (established 32768 bind 32768)
[    0.425897] UDP hash table entries: 2048 (order: 4, 65536 bytes)
[    0.427086] UDP-Lite hash table entries: 2048 (order: 4, 65536 bytes)
[    0.428534] NET: Registered protocol family 1
[    0.429677] pci 0000:00:00.0: Limiting direct PCI/PCI transfers
[    0.431003] pci 0000:00:01.0: Activating ISA DMA hang workarounds
[    0.432515] pci 0000:00:02.0: Video device with shadowed ROM at [mem 0x000c0000-0x000dffff]
[    0.434445] Unpacking initramfs...
[    0.736286] Freeing initrd memory: 19200K
[    0.737495] PCI-DMA: Using software bounce buffering for IO (SWIOTLB)
[    0.739602] software IO TLB: mapped [mem 0xdbff0000-0xdfff0000] (64MB)
[    0.741018] clocksource: tsc: mask: 0xffffffffffffffff max_cycles: 0x2ca08564bf3, max_idle_ns: 440795312460 ns
[    0.743267] platform rtc_cmos: registered platform RTC device (no PNP device found)
[    0.745069] Scanning for low memory corruption every 60 seconds
[    0.747131] Initialise system trusted keyrings
[    0.748449] Key type blacklist registered
[    0.749739] workingset: timestamp_bits=36 max_order=20 bucket_order=0
[    0.752219] zbud: loaded
[    0.753360] squashfs: version 4.0 (2009/01/31) Phillip Lougher
[    0.755083] fuse init (API version 7.26)
[    0.762350] Key type asymmetric registered
[    0.763163] Asymmetric key parser 'x509' registered
[    0.764236] Block layer SCSI generic (bsg) driver version 0.4 loaded (major 246)
[    0.766157] io scheduler noop registered
[    0.767328] io scheduler deadline registered
[    0.768333] io scheduler cfq registered (default)
[    0.769817] ACPI: AC Adapter [AC] (on-line)
[    0.771173] input: Power Button as /devices/LNXSYSTM:00/LNXPWRBN:00/input/input0
[    0.773401] ACPI: Power Button [PWRF]
[    0.774411] input: Sleep Button as /devices/LNXSYSTM:00/LNXSLPBN:00/input/input1
[    0.775903] ACPI: Sleep Button [SLPF]
[    0.778792] ACPI: Battery Slot [BAT0] (battery present)
[    0.780664] Serial: 8250/16550 driver, 32 ports, IRQ sharing enabled
[    0.803733] 00:02: ttyS0 at I/O 0x3f8 (irq = 4, base_baud = 115200) is a 16550A
[    0.811321] Linux agpgart interface v0.103
[    0.815661] loop: module loaded
[    0.817177] scsi host0: ata_piix
[    0.818227] scsi host1: ata_piix
[    0.818907] ata1: PATA max UDMA/33 cmd 0x1f0 ctl 0x3f6 bmdma 0xd000 irq 14
[    0.821183] ata2: PATA max UDMA/33 cmd 0x170 ctl 0x376 bmdma 0xd008 irq 15
[    0.823094] libphy: Fixed MDIO Bus: probed
[    0.824572] tun: Universal TUN/TAP device driver, 1.6
[    0.826299] PPP generic driver version 2.4.2
[    0.828117] ehci_hcd: USB 2.0 'Enhanced' Host Controller (EHCI) Driver
[    0.829521] ehci-pci: EHCI PCI platform driver
[    0.830528] ehci-platform: EHCI generic platform driver
[    0.831511] ohci_hcd: USB 1.1 'Open' Host Controller (OHCI) Driver
[    0.833662] ohci-pci: OHCI PCI platform driver
[    0.834748] ohci-platform: OHCI generic platform driver
[    0.835898] uhci_hcd: USB Universal Host Controller Interface driver
[    0.837238] i8042: PNP: PS/2 Controller [PNP0303:PS2K,PNP0f03:PS2M] at 0x60,0x64 irq 1,12
[    0.839165] serio: i8042 KBD port at 0x60,0x64 irq 1
[    0.840135] serio: i8042 AUX port at 0x60,0x64 irq 12
[    0.841808] mousedev: PS/2 mouse device common for all mice
[    0.845284] input: AT Translated Set 2 keyboard as /devices/platform/i8042/serio0/input/input2
[    0.847614] rtc_cmos rtc_cmos: rtc core: registered rtc_cmos as rtc0
[    0.849340] rtc_cmos rtc_cmos: alarms up to one day, 114 bytes nvram
[    0.851439] i2c /dev entries driver
[    0.852652] device-mapper: uevent: version 1.0.3
[    0.854506] device-mapper: ioctl: 4.37.0-ioctl (2017-09-20) initialised: dm-devel@redhat.com
[    0.857465] ledtrig-cpu: registered to indicate activity on CPUs
[    0.859858] NET: Registered protocol family 10
[    0.865006] Segment Routing with IPv6
[    0.866011] NET: Registered protocol family 17
[    0.867029] Key type dns_resolver registered
[    0.869034] mce: Using 0 MCE banks
[    0.869835] RAS: Correctable Errors collector initialized.
[    0.870988] sched_clock: Marking stable (869011547, 0)->(1174637493, -305625946)
[    0.873487] registered taskstats version 1
[    0.874427] Loading compiled-in X.509 certificates
[    0.878473] Loaded X.509 cert 'Build time autogenerated kernel key: 7480108fe56bba9284001dfb9078560125be4684'
[    0.881819] zswap: loaded using pool lzo/zbud
[    0.886345] Key type big_key registered
[    0.887403] Key type trusted registered
[    0.890381] Key type encrypted registered
[    0.891464] AppArmor: AppArmor sha1 policy hashing enabled
[    0.893261] ima: No TPM chip found, activating TPM-bypass! (rc=-19)
[    0.895165] ima: Allocated hash algorithm: sha1
[    0.896048] evm: HMAC attrs: 0x1
[    0.897390]   Magic number: 4:782:402
[    0.898397] rtc_cmos rtc_cmos: setting system clock to 2020-05-07 23:23:31 UTC (1588893811)
[    0.900430] BIOS EDD facility v0.16 2004-Jun-25, 0 devices found
[    0.901542] EDD information not available.
[    1.244134] Freeing unused kernel image memory: 2432K
[    1.252816] Write protecting the kernel read-only data: 20480k
[    1.255649] Freeing unused kernel image memory: 2008K
[    1.257300] Freeing unused kernel image memory: 1876K
[    1.265915] x86/mm: Checked W+X mappings: passed, no W+X pages found.
[    1.268190] x86/mm: Checking user space page tables
[    1.277675] x86/mm: Checked W+X mappings: passed, no W+X pages found.
Loading, please wait...
starting version 237
[    1.349924] e1000: Intel(R) PRO/1000 Network Driver - version 7.3.21-k8-NAPI
[    1.351840] e1000: Copyright (c) 1999-2006 Intel Corporation.
[    1.353890] Fusion MPT base driver 3.04.20
[    1.355346] Copyright (c) 1999-2008 LSI Corporation
[    1.363310] Fusion MPT SPI Host driver 3.04.20
[    1.370846] AVX2 version of gcm_enc/dec engaged.
[    1.373129] AES CTR mode by8 optimization enabled
[    1.586815] input: ImExPS/2 Generic Explorer Mouse as /devices/platform/i8042/serio1/input/input4
[    1.952528] e1000 0000:00:03.0 eth0: (PCI:33MHz:32-bit) 02:eb:05:41:6c:0f
[    1.954672] e1000 0000:00:03.0 eth0: Intel(R) PRO/1000 Network Connection
[    2.821569] e1000 0000:00:08.0 eth1: (PCI:33MHz:32-bit) 08:00:27:8e:6a:5c
[    2.823486] e1000 0000:00:08.0 eth1: Intel(R) PRO/1000 Network Connection
[    2.827186] mptbase: ioc0: Initiating bringup
[    2.827623] e1000 0000:00:08.0 enp0s8: renamed from eth1
[    2.844794] e1000 0000:00:03.0 enp0s3: renamed from eth0
[    2.961997] ioc0: LSI53C1030 A0: Capabilities={Initiator}
[    5.283009] scsi host2: ioc0: LSI53C1030 A0, FwRev=00000000h, Ports=1, MaxQ=256, IRQ=20
[    6.749107] scsi 2:0:0:0: Direct-Access     VBOX     HARDDISK         1.0  PQ: 0 ANSI: 5
[    6.788052] scsi target2:0:0: Beginning Domain Validation
[    6.793447] scsi target2:0:0: Domain Validation skipping write tests
[    6.796408] scsi target2:0:0: Ending Domain Validation
[    6.798115] scsi target2:0:0: asynchronous
[    6.799426] scsi 2:0:1:0: Direct-Access     VBOX     HARDDISK         1.0  PQ: 0 ANSI: 5
[    7.889993] scsi target2:0:1: Beginning Domain Validation
[    7.893774] random: fast init done
[    7.895369] scsi target2:0:1: Domain Validation skipping write tests
[    7.897470] scsi target2:0:1: Ending Domain Validation
[    7.899638] scsi target2:0:1: asynchronous
[    7.905083] random: systemd-udevd: uninitialized urandom read (16 bytes read)
[    7.905265] sd 2:0:0:0: Attached scsi generic sg0 type 0
[    7.906976] random: systemd-udevd: uninitialized urandom read (16 bytes read)
[    7.909172] sd 2:0:0:0: [sda] 20971520 512-byte logical blocks: (10.7 GB/10.0 GiB)
[    7.909477] sd 2:0:1:0: Attached scsi generic sg1 type 0
[    7.910041] sd 2:0:1:0: [sdb] 20480 512-byte logical blocks: (10.5 MB/10.0 MiB)
[    7.910183] sd 2:0:1:0: [sdb] Write Protect is off
[    7.910617] sd 2:0:1:0: [sdb] Incomplete mode parameter data
[    7.910618] sd 2:0:1:0: [sdb] Assuming drive cache: write through
[    7.911406] random: systemd-udevd: uninitialized urandom read (16 bytes read)
[    7.914341] sd 2:0:0:0: [sda] Write Protect is off
[    7.914473] sd 2:0:1:0: [sdb] Attached SCSI disk
[    7.928370] sd 2:0:0:0: [sda] Incomplete mode parameter data
[    7.930063] sd 2:0:0:0: [sda] Assuming drive cache: write through
[    7.933926]  sda: sda1
[    7.937235] sd 2:0:0:0: [sda] Attached SCSI disk
Begin: Loading essential drivers ... [    9.584072] raid6: sse2x1   gen() 11087 MB/s
[    9.632574] raid6: sse2x1   xor()  8051 MB/s
[    9.680114] raid6: sse2x2   gen() 13460 MB/s
[    9.728179] raid6: sse2x2   xor()  9014 MB/s
[    9.776438] raid6: sse2x4   gen() 14433 MB/s
[    9.824376] raid6: sse2x4   xor()  9120 MB/s
[    9.872074] raid6: avx2x1   gen() 22214 MB/s
[    9.920180] raid6: avx2x1   xor() 14991 MB/s
[    9.968532] raid6: avx2x2   gen() 23935 MB/s
[   10.016066] raid6: avx2x2   xor() 16841 MB/s
[   10.064609] raid6: avx2x4   gen() 30895 MB/s
[   10.112156] raid6: avx2x4   xor() 18667 MB/s
[   10.113508] raid6: using algorithm avx2x4 gen() 30895 MB/s
[   10.114812] raid6: .... xor() 18667 MB/s, rmw enabled
[   10.116051] raid6: using avx2x2 recovery algorithm
[   10.118150] xor: automatically using best checksumming function   avx       
[   10.121141] async_tx: api initialized (async)
done.
Begin: Running /scripts/init-premount ... done.
Begin: Mounting root file system ... Begin: Running /scripts/local-top ... done.
Begin: Running /scripts/local-premount ... [   10.168982] Btrfs loaded, crc32c=crc32c-intel
Scanning for Btrfs filesystems
done.
Warning: fsck not present, so skipping root file system
[   10.194415] EXT4-fs (sda1): mounted filesystem with ordered data mode. Opts: (null)
done.
Begin: Running /scripts/local-bottom ... done.
Begin: Running /scripts/init-bottom ... done.
[   10.311105] ip_tables: (C) 2000-2006 Netfilter Core Team
[   10.321211] systemd[1]: systemd 237 running in system mode. (+PAM +AUDIT +SELINUX +IMA +APPARMOR +SMACK +SYSVINIT +UTMP +LIBCRYPTSETUP +GCRYPT +GNUTLS +ACL +XZ +LZ4 +SECCOMP +BLKID +ELFUTILS +KMOD -IDN2 +IDN -PCRE2 default-hierarchy=hybrid)
[   10.328773] systemd[1]: Detected virtualization oracle.
[   10.330125] systemd[1]: Detected architecture x86-64.

Welcome to [1mUbuntu 18.04.4 LTS[0m!

[   10.343989] systemd[1]: Set hostname to <ubuntu>.
[   10.347609] systemd[1]: Initializing machine ID from random generator.
[   10.349562] systemd[1]: Installed transient /etc/machine-id file.
[   10.528830] systemd[1]: Started Forward Password Requests to Wall Directory Watch.
[[0;32m  OK  [0m] Started Forward Password Requests to Wall Directory Watch.
[   10.531464] systemd[1]: Reached target System Time Synchronized.
[[0;32m  OK  [0m] Reached target System Time Synchronized.
[   10.534099] systemd[1]: Reached target Swap.
[[0;32m  OK  [0m] Reached target Swap.
[   10.540932] systemd[1]: Created slice System Slice.
[[0;32m  OK  [0m] Created slice System Slice.
[[0;32m  OK  [0m] Listening on Device-mapper event daemon FIFOs.
[[0;32m  OK  [0m] Listening on Journal Socket (/dev/log).
[[0;32m  OK  [0m] Listening on LVM2 metadata daemon socket.
[[0;32m  OK  [0m] Listening on udev Control Socket.
[[0;32m  OK  [0m] Listening on /dev/initctl Compatibility Named Pipe.
[[0;32m  OK  [0m] Listening on Journal Audit Socket.
[[0;32m  OK  [0m] Listening on Network Service Netlink Socket.
[[0;32m  OK  [0m] Created slice system-serial\x2dgetty.slice.
[[0;32m  OK  [0m] Listening on Syslog Socket.
[[0;32m  OK  [0m] Set up automount Arbitrary Executab…rmats File System Automount Point.
[[0;32m  OK  [0m] Listening on LVM2 poll daemon socket.
[[0;32m  OK  [0m] Created slice User and Session Slice.
[[0;32m  OK  [0m] Reached target Slices.
[[0;32m  OK  [0m] Listening on Journal Socket.
         Starting Journal Service...
         Starting Create list of required st…ce nodes for the current kernel...
         Starting Remount Root and Kernel File Systems...
         Starting Monitoring of LVM2 mirrors…ng dmeventd or progress polling...
         Starting Load Kernel Modules...
         Starting Set the console keyboard layout...
         Mounting POSIX Message Queue File System...
         Mounting Kernel Debug File System...
[[0;32m  OK  [0m] Listening on udev Kernel Socket.
         Starting udev Coldplug all Devices...
[[0;32m  OK  [0m] Reached target User and Group Name Lookups.
[   10.608454] EXT4-fs (sda1): re-mounted. Opts: (null)
         Mounting Huge Pages File System...
         Starting Uncomplicated firewall...
[[0;32m  OK  [0m] Started Create list of required sta…vice nodes for the current kernel.
[[0;32m  OK  [0m] Started Remount Root and Kernel File Systems.
[[0;32m  OK  [0m] Mounted POSIX Message Queue File System.
[[0;32m  OK  [0m] Mounted Kernel Debug File System.
[[0;32m  OK  [0m] Mounted Huge Pages File System.
[   10.635478] Loading iSCSI transport class v2.0-870.
[[0;32m  OK  [0m] Started LVM2 metadata daemon.
         Starting Load/Save Random Seed...
         Starting Create Static Device Nodes in /dev...
[   10.699640] iscsi: registered transport (tcp)
[[0;32m  OK  [0m] Started Journal Service.
[[0;32m  OK  [0m] Started Uncomplicated firewall.
[[0;32m  OK  [0m] Started Load/Save Random Seed.
         Starting Flush Journal to Persistent Storage...
[[0;32m  OK  [0m] Started Monitoring of LVM2 mirrors,…sing dmeventd or progress polling.
[   10.786335] systemd-journald[417]: Received request to flush runtime journal from PID 1
[   10.800395] iscsi: registered transport (iser)
[[0;32m  OK  [0m] Started Load Kernel Modules.
         Mounting FUSE Control File System...
         Starting Apply Kernel Variables...
         Mounting Kernel Configuration File System...
[[0;32m  OK  [0m] Started Create Static Device Nodes in /dev.
[[0;32m  OK  [0m] Started udev Coldplug all Devices.
[[0;32m  OK  [0m] Started Flush Journal to Persistent Storage.
[[0;32m  OK  [0m] Mounted FUSE Control File System.
[[0;32m  OK  [0m] Mounted Kernel Configuration File System.
         Starting udev Kernel Device Manager...
[[0;32m  OK  [0m] Started Apply Kernel Variables.
[[0;32m  OK  [0m] Started udev Kernel Device Manager.
[[0;32m  OK  [0m] Started Set the console keyboard layout.
[[0;32m  OK  [0m] Started Dispatch Password Requests to Console Directory Watch.
[[0;32m  OK  [0m] Reached target Local Encrypted Volumes.
[[0;32m  OK  [0m] Reached target Local File Systems (Pre).
[[0;32m  OK  [0m] Reached target Local File Systems.
         Starting Create Volatile Files and Directories...
         Starting ebtables ruleset management...
         Starting Tell Plymouth To Write Out Runtime Data...
         Starting AppArmor initialization...
         Starting Set console font and keymap...
         Starting Commit a transient machine-id on disk...
[[0;32m  OK  [0m] Started Tell Plymouth To Write Out Runtime Data.
[[0;32m  OK  [0m] Started Create Volatile Files and Directories.
         Starting Update UTMP about System Boot/Shutdown...
[[0;32m  OK  [0m] Started Set console font and keymap.
[[0;32m  OK  [0m] Started Update UTMP about System Boot/Shutdown.
[[0;32m  OK  [0m] Started Commit a transient machine-id on disk.
[[0;32m  OK  [0m] Started ebtables ruleset management.
[[0;32m  OK  [0m] Found device /dev/ttyS0.
[[0;32m  OK  [0m] Listening on Load/Save RF Kill Switch Status /dev/rfkill Watch.
[[0;32m  OK  [0m] Started AppArmor initialization.
         Starting Initial cloud-init job (pre-networking)...
[   12.948533] cloud-init[582]: Cloud-init v. 19.4-33-gbb4131a2-0ubuntu1~18.04.1 running 'init-local' at Thu, 07 May 2020 23:23:42 +0000. Up 12.15 seconds.
[[0;32m  OK  [0m] Started Initial cloud-init job (pre-networking).
[[0;32m  OK  [0m] Reached target Network (Pre).
         Starting Network Service...
[[0;32m  OK  [0m] Started Network Service.
         Starting Network Name Resolution...
         Starting Wait for Network to be Configured...
[[0;32m  OK  [0m] Started Network Name Resolution.
[[0;32m  OK  [0m] Reached target Network.
[[0;32m  OK  [0m] Reached target Host and Network Name Lookups.
[[0;32m  OK  [0m] Started Wait for Network to be Configured.
         Starting Initial cloud-init job (metadata service crawler)...
[   15.372659] cloud-init[696]: Cloud-init v. 19.4-33-gbb4131a2-0ubuntu1~18.04.1 running 'init' at Thu, 07 May 2020 23:23:45 +0000. Up 15.23 seconds.
[   15.384249] cloud-init[696]: ci-info: ++++++++++++++++++++++++++++++++++++++Net device info++++++++++++++++++++++++++++++++++++++
[   15.385668] cloud-init[696]: ci-info: +--------+-------+---------------------------+---------------+--------+-------------------+
[   15.386782] cloud-init[696]: ci-info: | Device |   Up  |          Address          |      Mask     | Scope  |     Hw-Address    |
[   15.388555] cloud-init[696]: ci-info: +--------+-------+---------------------------+---------------+--------+-------------------+
[   15.390580] cloud-init[696]: ci-info: | enp0s3 |  True |         10.0.2.15         | 255.255.255.0 | global | 02:eb:05:41:6c:0f |
[   15.392146] cloud-init[696]: ci-info: | enp0s3 |  True | fe80::eb:5ff:fe41:6c0f/64 |       .       |  link  | 02:eb:05:41:6c:0f |
[   15.394059] cloud-init[696]: ci-info: | enp0s8 | False |             .             |       .       |   .    | 08:00:27:8e:6a:5c |
[   15.404305] cloud-init[696]: ci-info: |   lo   |  True |         127.0.0.1         |   255.0.0.0   |  host  |         .         |
[   15.405371] cloud-init[696]: ci-info: |   lo   |  True |          ::1/128          |       .       |  host  |         .         |
[   15.416219] cloud-init[696]: ci-info: +--------+-------+---------------------------+---------------+--------+-------------------+
[   15.428238] cloud-init[696]: ci-info: ++++++++++++++++++++++++++++Route IPv4 info+++++++++++++++++++++++++++++
[   15.440297] cloud-init[696]: ci-info: +-------+-------------+----------+-----------------+-----------+-------+
[   15.442334] cloud-init[696]: ci-info: | Route | Destination | Gateway  |     Genmask     | Interface | Flags |
[   15.444437] cloud-init[696]: ci-info: +-------+-------------+----------+-----------------+-----------+-------+
[   15.445860] cloud-init[696]: ci-info: |   0   |   0.0.0.0   | 10.0.2.2 |     0.0.0.0     |   enp0s3  |   UG  |
[   15.447030] cloud-init[696]: ci-info: |   1   |   10.0.2.0  | 0.0.0.0  |  255.255.255.0  |   enp0s3  |   U   |
[   15.456199] cloud-init[696]: ci-info: |   2   |   10.0.2.2  | 0.0.0.0  | 255.255.255.255 |   enp0s3  |   UH  |
[   15.457492] cloud-init[696]: ci-info: +-------+-------------+----------+-----------------+-----------+-------+
[   15.458810] cloud-init[696]: ci-info: +++++++++++++++++++Route IPv6 info+++++++++++++++++++
[   15.459702] cloud-init[696]: ci-info: +-------+-------------+---------+-----------+-------+
[   15.460847] cloud-init[696]: ci-info: | Route | Destination | Gateway | Interface | Flags |
[   15.472598] cloud-init[696]: ci-info: +-------+-------------+---------+-----------+-------+
[   15.474062] cloud-init[696]: ci-info: |   1   |  fe80::/64  |    ::   |   enp0s3  |   U   |
[   15.475641] cloud-init[696]: ci-info: |   3   |    local    |    ::   |   enp0s3  |   U   |
[   15.488330] cloud-init[696]: ci-info: |   4   |   ff00::/8  |    ::   |   enp0s3  |   U   |
[   15.500256] cloud-init[696]: ci-info: +-------+-------------+---------+-----------+-------+
[   16.004653] cloud-init[696]: Generating public/private rsa key pair.
[   16.005524] cloud-init[696]: Your identification has been saved in /etc/ssh/ssh_host_rsa_key.
[   16.006247] cloud-init[696]: Your public key has been saved in /etc/ssh/ssh_host_rsa_key.pub.
[   16.007127] cloud-init[696]: The key fingerprint is:
[   16.020413] cloud-init[696]: SHA256:0MWAu4/T8+i++3NJTIgApbFxGK/dnTtuElr7uMESPJA root@ubuntu-bionic
[   16.021354] cloud-init[696]: The key's randomart image is:
[   16.022131] cloud-init[696]: +---[RSA 2048]----+
[   16.032898] cloud-init[696]: |    ==o..o.      |
[   16.034488] cloud-init[696]: |    .Oo. ..      |
[   16.045142] cloud-init[696]: |    E oo.. .     |
[[0;32m  OK  [0m[   16.056506] ] cloud-initStarted Initial cloud-init job (metadata service crawler).[696]: 
|     =.o.....    |
[   16.056743] cloud-init[696]: |    . =.S oo     |
[[0;32m  OK  [0m] Reached target System Initialization.
[   16.069297] cloud-init[696]: |      .+o  .o    |
[[   16.070969] [0;32m  OK  [0mcloud-init] [696]: |      .*ooo. .   |Listening on UUID daemon activation socket.

[   16.071188] cloud-init[696]: |      +.*=o.o    |
[[0;32m  OK  [0m] Started Discard unused blocks once a week.
[   16.096662] cloud-init[696]: |       +O@=o     |
[[0;32m  OK  [0m] Listening on Open-iSCSI iscsid Socket.
[   16.097596] cloud-init[696]: +----[SHA256]-----+
[   16.127867] cloud-init[[696]: [0;32m  OK  [0mGenerating public/private dsa key pair.] 
Started ACPI Events Check.
[   16.128160] cloud-init[696]: Your identification has been saved in /etc/ssh/ssh_host_dsa_key.
[   16.143495] [cloud-init[0;32m  OK  [0m[696]: ] Your public key has been saved in /etc/ssh/ssh_host_dsa_key.pub.
Listening on ACPID Listen Socket.
[   16.145704] [cloud-init[0;32m  OK  [0m] Reached target Paths.
[696]: The key fingerprint is:
         Starting Socket activation for snappy daemon.
[   16.160570] cloud-init[696]: SHA256:HPmXns8Kq/vp3M+tgQYQvlc3H3Kcls/Mgv0VDmR/ehI root@ubuntu-bionic
[[0;32m  OK  [0m] Started Message of the Day.
[   16.174084] cloud-init[696]: The key's randomart image is:
[[0;32m  OK  [0m] Listening on D-Bus System Message Bus Socket.
[   16.176121] cloud-init[696]: +---[DSA 1024]----+
[[   16.177988] [0;32m  OK  [0mcloud-init] [696]: Started Daily Cleanup of Temporary Directories.|        .    o   |

[   16.178054] cloud-init[696]: |       . o  o o o|
[   16.200795] cloud-init[696]: |        =   .oEX.|
         Starting LXD - unix socket.
[   16.200906] cloud-init[[696]: [0;32m  OK  [0m|       . = . =*O=|] 
Started Daily apt download activities.
[   16.204642] [cloud-init[0;32m  OK  [0m] [696]: Started Daily apt upgrade and clean activities.|        S + + =.O|

[[0;32m  OK  [0m] Reached target Timers.
[[   16.206088] [0;32m  OK  [0mcloud-init] [696]: Reached target Network is Online.|         . + o =.|

[[0;32m  OK  [0m] Reached target Remote File Systems (Pre).
[[   16.210894] [0;32m  OK  [0mcloud-init] [696]: Reached target Remote File Systems.|          . = . .|

[   16.211642] cloud-init[696]: |         . * + o |
         Starting Availability of block devices...
[   16.214190] cloud-init[696]: |        o=* oo*..|
[[0;32m  OK  [0m] Reached target Cloud-config availability.
[   16.224812] cloud-init[696]: +----[SHA256]-----+
[[0;32m  OK  [0m] Listening on Socket activation for snappy daemon.
[[0;32m  OK  [0m] Listening on LXD - unix socket.
[   16.226367] cloud-init[696]: Generating public/private ecdsa key pair.
[[0;32m  OK  [0m] Started Availability of block devices.
[   16.248738] cloud-init[696]: Your identification has been saved in /etc/ssh/ssh_host_ecdsa_key.
[[0;32m  OK  [0m] Reached target Sockets.
[   16.252590] cloud-init[696]: Your public key has been saved in /etc/ssh/ssh_host_ecdsa_key.pub.
[[0;32m  OK  [0m] Reached target Basic System.
[   16.255898] cloud-init[696]: The key fingerprint is:
[   16.258947] cloud-init[696]: SHA256:j192mXuiup1laWHIHHJtZ9p08J9LTn5K4gy4mowLGCA root@ubuntu-bionic
[   16.261988] cloud-init[696]: The key's randomart image is:
[[0;32m  OK  [0m] Started irqbalance daemon.
[[0;32m  OK  [0m] Started D-Bus System Message Bus.
[   16.262051] cloud-init[696]: +---[ECDSA 256]---+
[   16.280412] cloud-init[696]: |              .  |
[   16.281169] cloud-init[696]: |             . o |
[   16.292665] cloud-init[696]: |E         . o o *|
[   16.295197] cloud-init[696]: |o          = + *+|
[   16.296651] cloud-init[696]: |.       S   + ++o|
[   16.298045] cloud-init[696]: | o       +   .==.|
[   16.299772] cloud-init[696]: |. .     o o + X+.|
[[0;32m  OK  [0m] Started Deferred execution scheduler.
[   16.300352] cloud-init[696]: |   . o . o B O.oo|
[   16.304363] cloud-init[696]: |    o.+.. +o*.oo |
[   16.305848] cloud-init[696]: +----[SHA256]-----+
         Starting System Logging Service...
[   16.325592] cloud-init[696]: Generating public/private ed25519 key pair.
[   16.328473] cloud-init[696]: Your identification has been saved in /etc/ssh/ssh_host_ed25519_key.
[   16.330231] cloud-init[696]: Your public key has been saved in /etc/ssh/ssh_host_ed25519_key.pub.
         Starting Login Service...
         Starting Virtualbox guest utils...
[   16.335241] cloud-init[696]: The key fingerprint is:
[   16.340439] cloud-init[696]: SHA256:KLFrr7r1NHARJFo5gUjUafzWckFJLTOAMpaiFKb+bpw root@ubuntu-bionic
         Starting Accounts Service...
[   16.342779] cloud-init[696]: The key's randomart image is:
[   16.348855] cloud-init[696]: +--[ED25519 256]--+
[   16.350254] cloud-init[696]: |o*=.*=*oo        |
[   16.352299] cloud-init[696]: |=*.Oo. B .       |
[   16.354326] cloud-init[696]: |* = o.o =        |
[   16.355680] cloud-init[696]: |o    * =         |
[   16.358345] cloud-init[696]: | .  = = S        |
[   16.360318]          Starting Dispatcher daemon for systemd-networkd...
cloud-init         Starting LSB: Record successful boot for GRUB...
         Starting LXD - container startup/shutdown...
[696]: |  .  =           |
[   16.376497] cloud-init[696]: |  ..= o          |
[[0;32m  OK  [0m] Started Regular background program processing daemon.
[   16.388273] cloud-init[696]: |  .E + .         |
         Starting LSB: automatic crash report generation...
[   16.401950] cloud-init[696]: |  ++..o          |
         Starting Permit User Sessions...
[   16.403281] cloud-init[696]: +----[SHA256]-----+
[[0;32m  OK  [0m] Started FUSE filesystem for LXC.
         Starting Pollinate to seed the pseudo random number generator...
         Starting Snappy daemon...
[[0;32m  OK  [0m] Started System Logging Service.
[[0;32m  OK  [0m] Started Permit User Sessions.
[[0;32m  OK  [0m] Started LXD - container startup/shutdown.
[[0;32m  OK  [0m] Started Login Service.
[[0;32m  OK  [0m] Started Dispatcher daemon for systemd-networkd.
         Starting Authorization Manager...
[[0;32m  OK  [0m] Started Unattended Upgrades Shutdown.
         Starting Terminate Plymouth Boot Screen...
         Starting Hold until boot process finishes up...
[[0;32m  OK  [0m] Started Hold until boot process finishes up.
         Starting Set console scheme...
[[0;32m  OK  [0m] Started Serial Getty on ttyS0.
[[0;32m  OK  [0m] Started Terminate Plymouth Boot Screen.
[[0;32m  OK  [0m] Started LSB: automatic crash report generation.
[[0;32m  OK  [0m] Started Set console scheme.
[[0;32m  OK  [0m] Created slice system-getty.slice.
[[0;32m  OK  [0m] Started Getty on tty1.
[[0;32m  OK  [0m] Reached target Login Prompts.
[[0;32m  OK  [0m] Started LSB: Record successful boot for GRUB.
[[0;32m  OK  [0m] Started Authorization Manager.
[[0;32m  OK  [0m] Started Accounts Service.
[[0;32m  OK  [0m] Started Virtualbox guest utils.
[[0;32m  OK  [0m] Started Snappy daemon.
         Starting Wait until snapd is fully seeded...
[[0;32m  OK  [0m] Started Pollinate to seed the pseudo random number generator.
         Starting OpenBSD Secure Shell server...
[[0;32m  OK  [0m] Started OpenBSD Secure Shell server.
[[0;32m  OK  [0m] Started Wait until snapd is fully seeded.
         Starting Apply the settings specified in cloud-config...
[[0;32m  OK  [0m] Reached target Multi-User System.
[[0;32m  OK  [0m] Reached target Graphical Interface.
         Starting Update UTMP about System Runlevel Changes...
[[0;32m  OK  [0m] Started Update UTMP about System Runlevel Changes.
[[0;32m  OK  [0m] Created slice User Slice of vagrant.
         Starting User Manager for UID 1000...
[[0;32m  OK  [0m] Started Session 1 of user vagrant.
[[0;32m  OK  [0m] Started User Manager for UID 1000.
[   19.495775] cloud-init[1260]: Cloud-init v. 19.4-33-gbb4131a2-0ubuntu1~18.04.1 running 'modules:config' at Thu, 07 May 2020 23:23:49 +0000. Up 19.02 seconds.
[[0;32m  OK  [0m] Started Apply the settings specified in cloud-config.
         Starting Execute cloud user/final scripts...
ci-info: no authorized SSH keys fingerprints found for user ubuntu.
<14>May  7 23:23:50 ec2: 
<14>May  7 23:23:50 ec2: #############################################################
<14>May  7 23:23:50 ec2: -----BEGIN SSH HOST KEY FINGERPRINTS-----
<14>May  7 23:23:50 ec2: 1024 SHA256:HPmXns8Kq/vp3M+tgQYQvlc3H3Kcls/Mgv0VDmR/ehI root@ubuntu-bionic (DSA)
<14>May  7 23:23:50 ec2: 256 SHA256:j192mXuiup1laWHIHHJtZ9p08J9LTn5K4gy4mowLGCA root@ubuntu-bionic (ECDSA)
<14>May  7 23:23:50 ec2: 256 SHA256:KLFrr7r1NHARJFo5gUjUafzWckFJLTOAMpaiFKb+bpw root@ubuntu-bionic (ED25519)
<14>May  7 23:23:50 ec2: 2048 SHA256:0MWAu4/T8+i++3NJTIgApbFxGK/dnTtuElr7uMESPJA root@ubuntu-bionic (RSA)
<14>May  7 23:23:50 ec2: -----END SSH HOST KEY FINGERPRINTS-----
<14>May  7 23:23:50 ec2: #############################################################
-----BEGIN SSH HOST KEY KEYS-----
ecdsa-sha2-nistp256 AAAAE2VjZHNhLXNoYTItbmlzdHAyNTYAAAAIbmlzdHAyNTYAAABBBOrcrJS/t0/rMhQ24q5OYeBCUzqK87/iICRZfiHOT0C/pZi+Jyv4RFX4ccfZscCrilpZrr1KSU0v77mSJRG7/y4= root@ubuntu-bionic
ssh-ed25519 AAAAC3NzaC1lZDI1NTE5AAAAIFSHTSFwSN9yPr+LHyf0aY41ovuUWBolJbpQWEzWhqZT root@ubuntu-bionic
ssh-rsa AAAAB3NzaC1yc2EAAAADAQABAAABAQDKhnoSIy5bhb1x3E4efbQ51EXe65AetQMxWK7rOwPSVlQAm1kZlH1OmHjFWQzuoSe+zhpbWA69yI0k2L3MLzdjEBkZg5tgc1mmHWk6UGBIarJH3QoByGTSUdPlSV8IRS10jB6BRieeVlq8+A2y4lGBdMWfIJBXHdOyeX4tkV+NMCmkjIDMjSiGvSyVLjRuo83yP7lir6Z64XjFh8Yo+b9dviz1wvPDFNF3OgUGK+aJDjTijXYENHsHlUYTE1iF+F46utybCliKP+t5IrLqB+uOaXxpbq4f/VLU10KlnyvRkMLfEjqXowXTSbL2EzUT2XmmxQob4Mu3eJPht/IrM2yN root@ubuntu-bionic
-----END SSH HOST KEY KEYS-----
[   20.281889] cloud-init[1375]: Cloud-init v. 19.4-33-gbb4131a2-0ubuntu1~18.04.1 running 'modules:final' at Thu, 07 May 2020 23:23:50 +0000. Up 19.96 seconds.
[   20.284464] cloud-init[1375]: ci-info: no authorized SSH keys fingerprints found for user ubuntu.
[   20.286358] cloud-init[1375]: Cloud-init v. 19.4-33-gbb4131a2-0ubuntu1~18.04.1 finished at Thu, 07 May 2020 23:23:50 +0000. Datasource DataSourceNoCloud [seed=/dev/sdb][dsmode=net].  Up 20.27 seconds
[[0;32m  OK  [0m] Started Execute cloud user/final scripts.
[[0;32m  OK  [0m] Reached target Cloud-init target.

Ubuntu 18.04.4 LTS ubuntu-bionic ttyS0

ubuntu-bionic login: 